<?xml version="1.0" encoding="UTF-8"?>
<!-- Generated by org.testng.reporters.JUnitReportReporter -->
<testsuite hostname="jim-PC" name="com.gametwist.Complete_Test" tests="1" failures="0" timestamp="17 Apr 2016 13:09:45 GMT" time="21.389" errors="0">
  <testcase name="main" time="21.389" classname="com.gametwist.Complete_Test"/>
</testsuite> <!-- com.gametwist.Complete_Test -->
