<?xml version="1.0" encoding="UTF-8"?>
<!-- Generated by org.testng.reporters.JUnitReportReporter -->
<testsuite hostname="jim-PC" name="com.gametwist.Login_Logout_Test" tests="1" failures="0" timestamp="16 Apr 2016 10:29:38 GMT" time="11.092" errors="0">
  <testcase name="main" time="11.092" classname="com.gametwist.Login_Logout_Test"/>
</testsuite> <!-- com.gametwist.Login_Logout_Test -->
